#
# There is insufficient memory for the Java Runtime Environment to continue.
# Native memory allocation (malloc) failed to allocate 864176 bytes for Chunk::new
# Possible reasons:
#   The system is out of physical RAM or swap space
#   In 32 bit mode, the process size limit was hit
# Possible solutions:
#   Reduce memory load on the system
#   Increase physical memory or swap space
#   Check if swap backing store is full
#   Use 64 bit Java on a 64 bit OS
#   Decrease Java heap size (-Xmx/-Xms)
#   Decrease number of Java threads
#   Decrease Java thread stack sizes (-Xss)
#   Set larger code cache with -XX:ReservedCodeCacheSize=
# This output file may be truncated or incomplete.
#
#  Out of Memory Error (allocation.cpp:390), pid=8232, tid=19852
#
# JRE version: Java(TM) SE Runtime Environment (8.0_20-b26) (build 1.8.0_20-b26)
# Java VM: Java HotSpot(TM) 64-Bit Server VM (25.20-b23 mixed mode windows-amd64 compressed oops)
# Failed to write core dump. Minidumps are not enabled by default on client versions of Windows
#

---------------  T H R E A D  ---------------

Current thread (0x000000001a24c000):  JavaThread "C2 CompilerThread2" daemon [_thread_in_native, id=19852, stack(0x000000001a9c0000,0x000000001aac0000)]

Stack: [0x000000001a9c0000,0x000000001aac0000]
Native frames: (J=compiled Java code, j=interpreted, Vv=VM code, C=native code)
V  [jvm.dll+0x3152fa]
V  [jvm.dll+0x265d03]
V  [jvm.dll+0x266943]
V  [jvm.dll+0x25e265]
V  [jvm.dll+0xbe255]
V  [jvm.dll+0xbe6fc]
V  [jvm.dll+0x477e2c]
V  [jvm.dll+0x445170]
V  [jvm.dll+0x4500de]
V  [jvm.dll+0x4526c8]
V  [jvm.dll+0x435fc2]
V  [jvm.dll+0x97b62]
V  [jvm.dll+0x98353]
V  [jvm.dll+0x22aac4]
V  [jvm.dll+0x283f5a]
C  [msvcr100.dll+0x21d9f]
C  [msvcr100.dll+0x21e3b]
C  [KERNEL32.DLL+0x13dc4]
C  [ntdll.dll+0x73691]


Current CompileTask:
C2:  12951 5939 % !   4       java.util.jar.Attributes::read @ 177 (410 bytes)


---------------  P R O C E S S  ---------------

Java Threads: ( => current thread )
  0x0000000028d6d800 JavaThread "dubbo-remoting-client-heartbeat-thread-1" daemon [_thread_blocked, id=15752, stack(0x000000002ba90000,0x000000002bb90000)]
  0x0000000028d6e800 JavaThread "DubboClientHandler-192.168.25.1:20883-thread-1" daemon [_thread_blocked, id=22792, stack(0x000000002b990000,0x000000002ba90000)]
  0x0000000028d6d000 JavaThread "Hashed wheel timer #1" [_thread_blocked, id=21204, stack(0x000000002b890000,0x000000002b990000)]
  0x0000000028d70000 JavaThread "DubboClientReconnectTimer-thread-1" daemon [_thread_blocked, id=22448, stack(0x000000002b790000,0x000000002b890000)]
  0x0000000028d6a800 JavaThread "New I/O boss #10" daemon [_thread_in_native, id=21032, stack(0x000000002b690000,0x000000002b790000)]
  0x0000000028d6c000 JavaThread "New I/O worker #9" daemon [_thread_in_native, id=17084, stack(0x000000002b590000,0x000000002b690000)]
  0x000000001a24f000 JavaThread "New I/O worker #8" daemon [_thread_in_native, id=976, stack(0x000000002b490000,0x000000002b590000)]
  0x000000001a24a000 JavaThread "New I/O worker #7" daemon [_thread_in_native, id=8788, stack(0x000000002b390000,0x000000002b490000)]
  0x000000001a250000 JavaThread "New I/O worker #6" daemon [_thread_in_native, id=23960, stack(0x000000002b290000,0x000000002b390000)]
  0x000000001a24e800 JavaThread "New I/O worker #5" daemon [_thread_in_native, id=14252, stack(0x000000002b190000,0x000000002b290000)]
  0x000000001a24d800 JavaThread "New I/O worker #4" daemon [_thread_in_native, id=19200, stack(0x000000002b090000,0x000000002b190000)]
  0x000000001a24b800 JavaThread "New I/O worker #3" daemon [_thread_in_native, id=17128, stack(0x000000002af90000,0x000000002b090000)]
  0x0000000026966800 JavaThread "New I/O worker #2" daemon [_thread_in_native, id=24192, stack(0x000000002ae90000,0x000000002af90000)]
  0x000000001b0c1800 JavaThread "New I/O worker #1" daemon [_thread_in_native, id=20672, stack(0x000000002ad90000,0x000000002ae90000)]
  0x0000000024c4b800 JavaThread "DubboSaveRegistryCache-thread-1" daemon [_thread_blocked, id=24388, stack(0x000000002ac90000,0x000000002ad90000)]
  0x0000000022414000 JavaThread "localhost-startStop-1-EventThread" daemon [_thread_blocked, id=23524, stack(0x000000002aa90000,0x000000002ab90000)]
  0x0000000027451800 JavaThread "localhost-startStop-1-SendThread(192.168.25.129:2181)" daemon [_thread_in_native, id=240, stack(0x000000002a990000,0x000000002aa90000)]
  0x0000000026ee1800 JavaThread "ZkClient-EventThread-19-192.168.25.129:2181" daemon [_thread_blocked, id=22564, stack(0x000000002a890000,0x000000002a990000)]
  0x000000002678b800 JavaThread "DubboRegistryFailedRetryTimer-thread-1" daemon [_thread_blocked, id=18364, stack(0x000000002a590000,0x000000002a690000)]
  0x0000000027fac800 JavaThread "Thread-3" daemon [_thread_in_native, id=24168, stack(0x000000002a090000,0x000000002a190000)]
  0x000000001edc4000 JavaThread "localhost-startStop-1" daemon [_thread_in_Java, id=22776, stack(0x0000000022110000,0x0000000022210000)]
  0x000000001a5b4000 JavaThread "Tomcat-startStop-1" daemon [_thread_blocked, id=9184, stack(0x0000000021a40000,0x0000000021b40000)]
  0x000000001a2e1800 JavaThread "Service Thread" daemon [_thread_blocked, id=4192, stack(0x000000001abc0000,0x000000001acc0000)]
  0x000000001a24d000 JavaThread "C1 CompilerThread3" daemon [_thread_blocked, id=23056, stack(0x000000001aac0000,0x000000001abc0000)]
=>0x000000001a24c000 JavaThread "C2 CompilerThread2" daemon [_thread_in_native, id=19852, stack(0x000000001a9c0000,0x000000001aac0000)]
  0x000000001a249000 JavaThread "C2 CompilerThread1" daemon [_thread_in_native, id=8196, stack(0x000000001a8c0000,0x000000001a9c0000)]
  0x000000001a247800 JavaThread "C2 CompilerThread0" daemon [_thread_in_native, id=16968, stack(0x000000001a7c0000,0x000000001a8c0000)]
  0x000000001a242800 JavaThread "Attach Listener" daemon [_thread_blocked, id=3936, stack(0x000000001a6c0000,0x000000001a7c0000)]
  0x000000001a1f8800 JavaThread "Signal Dispatcher" daemon [_thread_blocked, id=18060, stack(0x000000001a5c0000,0x000000001a6c0000)]
  0x0000000003268800 JavaThread "Finalizer" daemon [_thread_blocked, id=19660, stack(0x000000001a0c0000,0x000000001a1c0000)]
  0x00000000181fc800 JavaThread "Reference Handler" daemon [_thread_blocked, id=22280, stack(0x0000000019fc0000,0x000000001a0c0000)]
  0x0000000002cee000 JavaThread "main" [_thread_blocked, id=2008, stack(0x0000000002cf0000,0x0000000002df0000)]

Other Threads:
  0x00000000181f8000 VMThread [stack: 0x0000000019ec0000,0x0000000019fc0000] [id=3728]
  0x000000001a2e2000 WatcherThread [stack: 0x000000001acc0000,0x000000001adc0000] [id=20292]

VM state:not at safepoint (normal execution)

VM Mutex/Monitor currently owned by a thread: None

Heap:
 PSYoungGen      total 233984K, used 46015K [0x00000000d5e00000, 0x00000000e6b80000, 0x0000000100000000)
  eden space 208384K, 22% used [0x00000000d5e00000,0x00000000d8aefed8,0x00000000e2980000)
  from space 25600K, 0% used [0x00000000e2980000,0x00000000e2980000,0x00000000e4280000)
  to   space 17920K, 0% used [0x00000000e4280000,0x00000000e4280000,0x00000000e5400000)
 ParOldGen       total 187392K, used 43710K [0x0000000081a00000, 0x000000008d100000, 0x00000000d5e00000)
  object space 187392K, 23% used [0x0000000081a00000,0x00000000844afbf8,0x000000008d100000)
 Metaspace       used 45817K, capacity 46624K, committed 46976K, reserved 1091584K
  class space    used 5519K, capacity 5716K, committed 5760K, reserved 1048576K

Card table byte_map: [0x0000000012630000,0x0000000012a30000] byte_map_base: 0x0000000012223000

Marking Bits: (ParMarkBitMap*) 0x000000005eb7b460
 Begin Bits: [0x00000000134e0000, 0x0000000015478000)
 End Bits:   [0x0000000015478000, 0x0000000017410000)

Polling page: 0x0000000000fd0000

CodeCache: size=245760Kb used=15716Kb max_used=15778Kb free=230043Kb
 bounds [0x0000000003270000, 0x00000000041f0000, 0x0000000012270000]
 total_blobs=5555 nmethods=5066 adapters=402
 compilation: enabled

Compilation events (10 events):
Event: 12.891 Thread 0x000000001a24d000 nmethod 5986 0x00000000038e5910 code [0x00000000038e5be0, 0x00000000038e70d8]
Event: 12.891 Thread 0x000000001a24d000 5984       3       org.springframework.core.ResolvableType::forMethodParameter (49 bytes)
Event: 12.892 Thread 0x000000001a24d000 nmethod 5984 0x0000000003c29510 code [0x0000000003c29740, 0x0000000003c2a3b8]
Event: 12.892 Thread 0x000000001a247800 nmethod 5964 0x0000000003cae510 code [0x0000000003cae820, 0x0000000003caf930]
Event: 12.893 Thread 0x000000001a24d000 5987       1       sun.util.PreHashedMap::access$100 (5 bytes)
Event: 12.893 Thread 0x000000001a24d000 nmethod 5987 0x0000000003deffd0 code [0x0000000003df0120, 0x0000000003df0210]
Event: 12.893 Thread 0x000000001a24d000 5988       3       sun.nio.cs.AbstractCharsetProvider::access$000 (6 bytes)
Event: 12.893 Thread 0x000000001a24d000 nmethod 5988 0x000000000393e590 code [0x000000000393e700, 0x000000000393e868]
Event: 12.893 Thread 0x000000001a24d000 5989   !   3       sun.nio.cs.AbstractCharsetProvider$1::next (36 bytes)
Event: 12.893 Thread 0x000000001a24d000 nmethod 5989 0x0000000003f54b50 code [0x0000000003f54ce0, 0x0000000003f55218]

GC Heap History (10 events):
Event: 5.590 GC heap before
{Heap before GC invocations=9 (full 1):
 PSYoungGen      total 143360K, used 143337K [0x00000000d5e00000, 0x00000000e5400000, 0x0000000100000000)
  eden space 133120K, 100% used [0x00000000d5e00000,0x00000000de000000,0x00000000de000000)
  from space 10240K, 99% used [0x00000000de000000,0x00000000de9fa790,0x00000000dea00000)
  to   space 17920K, 0% used [0x00000000e4280000,0x00000000e4280000,0x00000000e5400000)
 ParOldGen       total 61440K, used 24136K [0x0000000081a00000, 0x0000000085600000, 0x00000000d5e00000)
  object space 61440K, 39% used [0x0000000081a00000,0x0000000083192110,0x0000000085600000)
 Metaspace       used 28714K, capacity 29398K, committed 29440K, reserved 1075200K
  class space    used 3393K, capacity 3560K, committed 3584K, reserved 1048576K
Event: 5.617 GC heap after
Heap after GC invocations=9 (full 1):
 PSYoungGen      total 226304K, used 17912K [0x00000000d5e00000, 0x00000000e6b80000, 0x0000000100000000)
  eden space 208384K, 0% used [0x00000000d5e00000,0x00000000d5e00000,0x00000000e2980000)
  from space 17920K, 99% used [0x00000000e4280000,0x00000000e53fe3f8,0x00000000e5400000)
  to   space 25600K, 0% used [0x00000000e2980000,0x00000000e2980000,0x00000000e4280000)
 ParOldGen       total 61440K, used 35362K [0x0000000081a00000, 0x0000000085600000, 0x00000000d5e00000)
  object space 61440K, 57% used [0x0000000081a00000,0x0000000083c88948,0x0000000085600000)
 Metaspace       used 28714K, capacity 29398K, committed 29440K, reserved 1075200K
  class space    used 3393K, capacity 3560K, committed 3584K, reserved 1048576K
}
Event: 6.325 GC heap before
{Heap before GC invocations=10 (full 1):
 PSYoungGen      total 226304K, used 226296K [0x00000000d5e00000, 0x00000000e6b80000, 0x0000000100000000)
  eden space 208384K, 100% used [0x00000000d5e00000,0x00000000e2980000,0x00000000e2980000)
  from space 17920K, 99% used [0x00000000e4280000,0x00000000e53fe3f8,0x00000000e5400000)
  to   space 25600K, 0% used [0x00000000e2980000,0x00000000e2980000,0x00000000e4280000)
 ParOldGen       total 61440K, used 35362K [0x0000000081a00000, 0x0000000085600000, 0x00000000d5e00000)
  object space 61440K, 57% used [0x0000000081a00000,0x0000000083c88948,0x0000000085600000)
 Metaspace       used 28735K, capacity 29408K, committed 29440K, reserved 1075200K
  class space    used 3396K, capacity 3562K, committed 3584K, reserved 1048576K
Event: 6.367 GC heap after
Heap after GC invocations=10 (full 1):
 PSYoungGen      total 233984K, used 25585K [0x00000000d5e00000, 0x00000000e6b80000, 0x0000000100000000)
  eden space 208384K, 0% used [0x00000000d5e00000,0x00000000d5e00000,0x00000000e2980000)
  from space 25600K, 99% used [0x00000000e2980000,0x00000000e427c700,0x00000000e4280000)
  to   space 17920K, 0% used [0x00000000e4280000,0x00000000e4280000,0x00000000e5400000)
 ParOldGen       total 61440K, used 54355K [0x0000000081a00000, 0x0000000085600000, 0x00000000d5e00000)
  object space 61440K, 88% used [0x0000000081a00000,0x0000000084f14eb0,0x0000000085600000)
 Metaspace       used 28735K, capacity 29408K, committed 29440K, reserved 1075200K
  class space    used 3396K, capacity 3562K, committed 3584K, reserved 1048576K
}
Event: 6.367 GC heap before
{Heap before GC invocations=11 (full 2):
 PSYoungGen      total 233984K, used 25585K [0x00000000d5e00000, 0x00000000e6b80000, 0x0000000100000000)
  eden space 208384K, 0% used [0x00000000d5e00000,0x00000000d5e00000,0x00000000e2980000)
  from space 25600K, 99% used [0x00000000e2980000,0x00000000e427c700,0x00000000e4280000)
  to   space 17920K, 0% used [0x00000000e4280000,0x00000000e4280000,0x00000000e5400000)
 ParOldGen       total 61440K, used 54355K [0x0000000081a00000, 0x0000000085600000, 0x00000000d5e00000)
  object space 61440K, 88% used [0x0000000081a00000,0x0000000084f14eb0,0x0000000085600000)
 Metaspace       used 28735K, capacity 29408K, committed 29440K, reserved 1075200K
  class space    used 3396K, capacity 3562K, committed 3584K, reserved 1048576K
Event: 6.441 GC heap after
Heap after GC invocations=11 (full 2):
 PSYoungGen      total 233984K, used 0K [0x00000000d5e00000, 0x00000000e6b80000, 0x0000000100000000)
  eden space 208384K, 0% used [0x00000000d5e00000,0x00000000d5e00000,0x00000000e2980000)
  from space 25600K, 0% used [0x00000000e2980000,0x00000000e2980000,0x00000000e4280000)
  to   space 17920K, 0% used [0x00000000e4280000,0x00000000e4280000,0x00000000e5400000)
 ParOldGen       total 61440K, used 56481K [0x0000000081a00000, 0x0000000085600000, 0x00000000d5e00000)
  object space 61440K, 91% used [0x0000000081a00000,0x0000000085128658,0x0000000085600000)
 Metaspace       used 28735K, capacity 29408K, committed 29440K, reserved 1075200K
  class space    used 3396K, capacity 3562K, committed 3584K, reserved 1048576K
}
Event: 7.131 GC heap before
{Heap before GC invocations=12 (full 3):
 PSYoungGen      total 233984K, used 208384K [0x00000000d5e00000, 0x00000000e6b80000, 0x0000000100000000)
  eden space 208384K, 100% used [0x00000000d5e00000,0x00000000e2980000,0x00000000e2980000)
  from space 25600K, 0% used [0x00000000e2980000,0x00000000e2980000,0x00000000e4280000)
  to   space 17920K, 0% used [0x00000000e4280000,0x00000000e4280000,0x00000000e5400000)
 ParOldGen       total 61440K, used 56481K [0x0000000081a00000, 0x0000000085600000, 0x00000000d5e00000)
  object space 61440K, 91% used [0x0000000081a00000,0x0000000085128658,0x0000000085600000)
 Metaspace       used 28745K, capacity 29408K, committed 29440K, reserved 1075200K
  class space    used 3397K, capacity 3562K, committed 3584K, reserved 1048576K
Event: 7.335 GC heap after
Heap after GC invocations=12 (full 3):
 PSYoungGen      total 233984K, used 0K [0x00000000d5e00000, 0x00000000e6b80000, 0x0000000100000000)
  eden space 208384K, 0% used [0x00000000d5e00000,0x00000000d5e00000,0x00000000e2980000)
  from space 25600K, 0% used [0x00000000e2980000,0x00000000e2980000,0x00000000e4280000)
  to   space 17920K, 0% used [0x00000000e4280000,0x00000000e4280000,0x00000000e5400000)
 ParOldGen       total 61440K, used 61381K [0x0000000081a00000, 0x0000000085600000, 0x00000000d5e00000)
  object space 61440K, 99% used [0x0000000081a00000,0x00000000855f16c8,0x0000000085600000)
 Metaspace       used 28745K, capacity 29408K, committed 29440K, reserved 1075200K
  class space    used 3397K, capacity 3562K, committed 3584K, reserved 1048576K
}
Event: 12.572 GC heap before
{Heap before GC invocations=13 (full 4):
 PSYoungGen      total 233984K, used 208384K [0x00000000d5e00000, 0x00000000e6b80000, 0x0000000100000000)
  eden space 208384K, 100% used [0x00000000d5e00000,0x00000000e2980000,0x00000000e2980000)
  from space 25600K, 0% used [0x00000000e2980000,0x00000000e2980000,0x00000000e4280000)
  to   space 17920K, 0% used [0x00000000e4280000,0x00000000e4280000,0x00000000e5400000)
 ParOldGen       total 61440K, used 61381K [0x0000000081a00000, 0x0000000085600000, 0x00000000d5e00000)
  object space 61440K, 99% used [0x0000000081a00000,0x00000000855f16c8,0x0000000085600000)
 Metaspace       used 42536K, capacity 43362K, committed 43520K, reserved 1087488K
  class space    used 5104K, capacity 5333K, committed 5376K, reserved 1048576K
Event: 12.664 GC heap after
Heap after GC invocations=13 (full 4):
 PSYoungGen      total 233984K, used 0K [0x00000000d5e00000, 0x00000000e6b80000, 0x0000000100000000)
  eden space 208384K, 0% used [0x00000000d5e00000,0x00000000d5e00000,0x00000000e2980000)
  from space 25600K, 0% used [0x00000000e2980000,0x00000000e2980000,0x00000000e4280000)
  to   space 17920K, 0% used [0x00000000e4280000,0x00000000e4280000,0x00000000e5400000)
 ParOldGen       total 187392K, used 43710K [0x0000000081a00000, 0x000000008d100000, 0x00000000d5e00000)
  object space 187392K, 23% used [0x0000000081a00000,0x00000000844afbf8,0x000000008d100000)
 Metaspace       used 42534K, capacity 43360K, committed 43520K, reserved 1087488K
  class space    used 5103K, capacity 5332K, committed 5376K, reserved 1048576K
}

Deoptimization events (10 events):
Event: 12.459 Thread 0x000000001edc4000 Uncommon trap: reason=class_check action=maybe_recompile pc=0x0000000003a148cc method=java.util.Collections$UnmodifiableMap$UnmodifiableEntrySet$1.hasNext()Z @ 4
Event: 12.459 Thread 0x000000001edc4000 Uncommon trap: reason=class_check action=maybe_recompile pc=0x0000000003a694a0 method=java.util.Collections$UnmodifiableMap$UnmodifiableEntrySet$1.next()Ljava/util/Map$Entry; @ 8
Event: 12.459 Thread 0x000000001edc4000 Uncommon trap: reason=class_check action=maybe_recompile pc=0x0000000003a2ad80 method=java.util.Collections$UnmodifiableMap$UnmodifiableEntrySet$UnmodifiableEntry.getKey()Ljava/lang/Object; @ 4
Event: 12.459 Thread 0x000000001edc4000 Uncommon trap: reason=class_check action=maybe_recompile pc=0x0000000003a2c180 method=java.util.Collections$UnmodifiableMap$UnmodifiableEntrySet$UnmodifiableEntry.getValue()Ljava/lang/Object; @ 4
Event: 12.460 Thread 0x000000001edc4000 Uncommon trap: reason=class_check action=maybe_recompile pc=0x0000000003a694a0 method=java.util.Collections$UnmodifiableMap$UnmodifiableEntrySet$1.next()Ljava/util/Map$Entry; @ 8
Event: 12.460 Thread 0x000000001edc4000 Uncommon trap: reason=class_check action=maybe_recompile pc=0x0000000003a2ad80 method=java.util.Collections$UnmodifiableMap$UnmodifiableEntrySet$UnmodifiableEntry.getKey()Ljava/lang/Object; @ 4
Event: 12.460 Thread 0x000000001edc4000 Uncommon trap: reason=class_check action=maybe_recompile pc=0x0000000003a2c180 method=java.util.Collections$UnmodifiableMap$UnmodifiableEntrySet$UnmodifiableEntry.getValue()Ljava/lang/Object; @ 4
Event: 12.545 Thread 0x000000001edc4000 Uncommon trap: reason=class_check action=maybe_recompile pc=0x00000000036284fc method=java.util.concurrent.ConcurrentHashMap.putVal(Ljava/lang/Object;Ljava/lang/Object;Z)Ljava/lang/Object; @ 192
Event: 12.545 Thread 0x000000001edc4000 Uncommon trap: reason=class_check action=maybe_recompile pc=0x00000000036284fc method=java.util.concurrent.ConcurrentHashMap.putVal(Ljava/lang/Object;Ljava/lang/Object;Z)Ljava/lang/Object; @ 192
Event: 12.545 Thread 0x000000001edc4000 Uncommon trap: reason=class_check action=maybe_recompile pc=0x00000000036284fc method=java.util.concurrent.ConcurrentHashMap.putVal(Ljava/lang/Object;Ljava/lang/Object;Z)Ljava/lang/Object; @ 192

Internal exceptions (10 events):
Event: 12.891 Thread 0x000000001edc4000 Exception <a 'java/security/PrivilegedActionException'> (0x00000000d7eadbc8) thrown at [D:\re\workspace\8-2-build-windows-amd64-cygwin\jdk8u20\1074\hotspot\src\share\vm\prims\jvm.cpp, line 1275]
Event: 12.891 Thread 0x000000001edc4000 Exception <a 'java/security/PrivilegedActionException'> (0x00000000d7eae628) thrown at [D:\re\workspace\8-2-build-windows-amd64-cygwin\jdk8u20\1074\hotspot\src\share\vm\prims\jvm.cpp, line 1275]
Event: 12.891 Thread 0x000000001edc4000 Exception <a 'java/security/PrivilegedActionException'> (0x00000000d7eb6210) thrown at [D:\re\workspace\8-2-build-windows-amd64-cygwin\jdk8u20\1074\hotspot\src\share\vm\prims\jvm.cpp, line 1275]
Event: 12.891 Thread 0x000000001edc4000 Exception <a 'java/security/PrivilegedActionException'> (0x00000000d7eb7e00) thrown at [D:\re\workspace\8-2-build-windows-amd64-cygwin\jdk8u20\1074\hotspot\src\share\vm\prims\jvm.cpp, line 1275]
Event: 12.891 Thread 0x000000001edc4000 Exception <a 'java/security/PrivilegedActionException'> (0x00000000d7ebf9d8) thrown at [D:\re\workspace\8-2-build-windows-amd64-cygwin\jdk8u20\1074\hotspot\src\share\vm\prims\jvm.cpp, line 1275]
Event: 12.891 Thread 0x000000001edc4000 Exception <a 'java/security/PrivilegedActionException'> (0x00000000d7ec0540) thrown at [D:\re\workspace\8-2-build-windows-amd64-cygwin\jdk8u20\1074\hotspot\src\share\vm\prims\jvm.cpp, line 1275]
Event: 12.891 Thread 0x000000001edc4000 Exception <a 'java/security/PrivilegedActionException'> (0x00000000d7ec12c0) thrown at [D:\re\workspace\8-2-build-windows-amd64-cygwin\jdk8u20\1074\hotspot\src\share\vm\prims\jvm.cpp, line 1275]
Event: 12.891 Thread 0x000000001edc4000 Exception <a 'java/lang/ClassNotFoundException': org/springframework/http/converter/xml/SourceHttpMessageConverterCustomizer> (0x00000000d7ec1ee8) thrown at [D:\re\workspace\8-2-build-windows-amd64-cygwin\jdk8u20\1074\hotspot\src\share\vm\classfile\systemDßˆîY×È)@
Event: 12.892 Thread 0x000000001edc4000 Exception <a 'java/security/PrivilegedActionException'> (0x00000000d7ed0cd0) thrown at [D:\re\workspace\8-2-build-windows-amd64-cygwin\jdk8u20\1074\hotspot\src\share\vm\prims\jvm.cpp, line 1275]
Event: 12.892 Thread 0x000000001edc4000 Exception <a 'java/security/PrivilegedActionException'> (0x00000000d7ed15a0) thrown at [D:\re\workspace\8-2-build-windows-amd64-cygwin\jdk8u20\1074\hotspot\src\share\vm\prims\jvm.cpp, line 1275]

Events (10 events):
Event: 12.891 loading class org/springframework/http/converter/xml/SourceHttpMessageConverterCustomizer
Event: 12.891 loading class org/springframework/http/converter/xml/SourceHttpMessageConverterCustomizer done
Event: 12.891 loading class org/springframework/http/converter/xml/SourceHttpMessageConverterCustomizer
Event: 12.891 loading class org/springframework/http/converter/xml/SourceHttpMessageConverterCustomizer done
Event: 12.891 loading class org/springframework/http/converter/xml/SourceHttpMessageConverterCustomizer
Event: 12.891 loading class org/springframework/http/converter/xml/SourceHttpMessageConverterCustomizer done
Event: 12.891 loading class org/springframework/http/converter/xml/SourceHttpMessageConverterCustomizer
Event: 12.891 loading class org/springframework/http/converter/xml/SourceHttpMessageConverterCustomizer done
Event: 12.892 loading class org/springframework/http/HttpEntity
Event: 12.892 loading class org/springframework/http/HttpEntity done


Dynamic libraries:
0x00007ff65f110000 - 0x00007ff65f144000 	C:\Program Files\Java\jdk1.8.0_20\bin\javaw.exe
0x00007ff8b1f10000 - 0x00007ff8b20f1000 	C:\WINDOWS\SYSTEM32\ntdll.dll
0x00007ff8b0780000 - 0x00007ff8b0832000 	C:\WINDOWS\System32\KERNEL32.DLL
0x00007ff8aeaf0000 - 0x00007ff8aed63000 	C:\WINDOWS\System32\KERNELBASE.dll
0x00007ff8b01b0000 - 0x00007ff8b0251000 	C:\WINDOWS\System32\ADVAPI32.dll
0x00007ff8afbf0000 - 0x00007ff8afc8e000 	C:\WINDOWS\System32\msvcrt.dll
0x00007ff8b0150000 - 0x00007ff8b01ab000 	C:\WINDOWS\System32\sechost.dll
0x00007ff8b0640000 - 0x00007ff8b0764000 	C:\WINDOWS\System32\RPCRT4.dll
0x00007ff8aff50000 - 0x00007ff8b00e0000 	C:\WINDOWS\System32\USER32.dll
0x00007ff8ae2e0000 - 0x00007ff8ae300000 	C:\WINDOWS\System32\win32u.dll
0x00007ff8b0590000 - 0x00007ff8b05b8000 	C:\WINDOWS\System32\GDI32.dll
0x00007ff8aed70000 - 0x00007ff8aef02000 	C:\WINDOWS\System32\gdi32full.dll
0x00007ff8af250000 - 0x00007ff8af2ef000 	C:\WINDOWS\System32\msvcp_win.dll
0x00007ff8af100000 - 0x00007ff8af1f8000 	C:\WINDOWS\System32\ucrtbase.dll
0x00007ff8a1500000 - 0x00007ff8a1769000 	C:\WINDOWS\WinSxS\amd64_microsoft.windows.common-controls_6595b64144ccf1df_6.0.17134.648_none_fb45a0e93062a6d2\COMCTL32.dll
0x00007ff8af8c0000 - 0x00007ff8afbe2000 	C:\WINDOWS\System32\combase.dll
0x00007ff8aea10000 - 0x00007ff8aea8a000 	C:\WINDOWS\System32\bcryptPrimitives.dll
0x00007ff8b09b0000 - 0x00007ff8b09dd000 	C:\WINDOWS\System32\IMM32.DLL
0x000000005ec00000 - 0x000000005ecd2000 	C:\Program Files\Java\jdk1.8.0_20\jre\bin\msvcr100.dll
0x000000005e3a0000 - 0x000000005ebf8000 	C:\Program Files\Java\jdk1.8.0_20\jre\bin\server\jvm.dll
0x00007ff8b00e0000 - 0x00007ff8b00e8000 	C:\WINDOWS\System32\PSAPI.DLL
0x00007ff893eb0000 - 0x00007ff893eb9000 	C:\WINDOWS\SYSTEM32\WSOCK32.dll
0x00007ff8ac1e0000 - 0x00007ff8ac203000 	C:\WINDOWS\SYSTEM32\WINMM.dll
0x00007ff8afe30000 - 0x00007ff8afe9c000 	C:\WINDOWS\System32\WS2_32.dll
0x00007ff8abd80000 - 0x00007ff8abdaa000 	C:\WINDOWS\SYSTEM32\WINMMBASE.dll
0x00007ff8af200000 - 0x00007ff8af249000 	C:\WINDOWS\System32\cfgmgr32.dll
0x000000005e390000 - 0x000000005e39f000 	C:\Program Files\Java\jdk1.8.0_20\jre\bin\verify.dll
0x000000005e360000 - 0x000000005e388000 	C:\Program Files\Java\jdk1.8.0_20\jre\bin\java.dll
0x000000005e340000 - 0x000000005e356000 	C:\Program Files\Java\jdk1.8.0_20\jre\bin\zip.dll
0x00007ff8b0aa0000 - 0x00007ff8b1ee0000 	C:\WINDOWS\System32\SHELL32.dll
0x00007ff8afea0000 - 0x00007ff8aff49000 	C:\WINDOWS\System32\shcore.dll
0x00007ff8ae300000 - 0x00007ff8aea0d000 	C:\WINDOWS\System32\windows.storage.dll
0x00007ff8b09e0000 - 0x00007ff8b0a31000 	C:\WINDOWS\System32\shlwapi.dll
0x00007ff8ae290000 - 0x00007ff8ae2a1000 	C:\WINDOWS\System32\kernel.appcore.dll
0x00007ff8ae220000 - 0x00007ff8ae23f000 	C:\WINDOWS\System32\profapi.dll
0x00007ff8ae240000 - 0x00007ff8ae28c000 	C:\WINDOWS\System32\powrprof.dll
0x00007ff8ae2d0000 - 0x00007ff8ae2da000 	C:\WINDOWS\System32\FLTLIB.DLL
0x00007ff8adc60000 - 0x00007ff8adc77000 	C:\WINDOWS\SYSTEM32\CRYPTSP.dll
0x00007ff8ad680000 - 0x00007ff8ad6b3000 	C:\WINDOWS\system32\rsaenh.dll
0x00007ff8add80000 - 0x00007ff8adda5000 	C:\WINDOWS\SYSTEM32\bcrypt.dll
0x00007ff8ae120000 - 0x00007ff8ae148000 	C:\WINDOWS\SYSTEM32\USERENV.dll
0x00007ff8adc50000 - 0x00007ff8adc5b000 	C:\WINDOWS\SYSTEM32\CRYPTBASE.dll
0x000000005e320000 - 0x000000005e33a000 	C:\Program Files\Java\jdk1.8.0_20\jre\bin\net.dll
0x00007ff8adaa0000 - 0x00007ff8adb06000 	C:\WINDOWS\system32\mswsock.dll
0x00007ff8ad820000 - 0x00007ff8ad858000 	C:\WINDOWS\SYSTEM32\IPHLPAPI.DLL
0x00007ff8b09a0000 - 0x00007ff8b09a8000 	C:\WINDOWS\System32\NSI.dll
0x00007ff8a67d0000 - 0x00007ff8a67e6000 	C:\WINDOWS\SYSTEM32\dhcpcsvc6.DLL
0x00007ff8a67b0000 - 0x00007ff8a67ca000 	C:\WINDOWS\SYSTEM32\dhcpcsvc.DLL
0x000000005e300000 - 0x000000005e311000 	C:\Program Files\Java\jdk1.8.0_20\jre\bin\nio.dll
0x00007ff8955f0000 - 0x00007ff8955fa000 	C:\Users\26277\AppData\Local\Temp\jansi-1.17.1-2039853404035046570.dll
0x00007ff8955e0000 - 0x00007ff8955ea000 	C:\Users\26277\AppData\Local\Temp\jansi-1.17.1-6043930767616100024.dll
0x000000005e2f0000 - 0x000000005e2fd000 	C:\Program Files\Java\jdk1.8.0_20\jre\bin\management.dll
0x00007ff8a86b0000 - 0x00007ff8a86c6000 	C:\WINDOWS\system32\napinsp.dll
0x00007ff8a8960000 - 0x00007ff8a897a000 	C:\WINDOWS\system32\pnrpnsp.dll
0x00007ff8aa910000 - 0x00007ff8aa929000 	C:\WINDOWS\system32\NLAapi.dll
0x00007ff8ad860000 - 0x00007ff8ad91e000 	C:\WINDOWS\SYSTEM32\DNSAPI.dll
0x00007ff8a8830000 - 0x00007ff8a883e000 	C:\WINDOWS\System32\winrnr.dll
0x00007ff8a8a60000 - 0x00007ff8a8a75000 	C:\WINDOWS\System32\wshbth.dll
0x0000000061700000 - 0x0000000061726000 	C:\Program Files\Bonjour\mdnsNSP.dll
0x00007ff8a8980000 - 0x00007ff8a898a000 	C:\Windows\System32\rasadhlp.dll
0x00007ff8a6a60000 - 0x00007ff8a6ad2000 	C:\WINDOWS\System32\fwpuclnt.dll
0x00007ff8a1150000 - 0x00007ff8a1319000 	C:\WINDOWS\SYSTEM32\dbghelp.dll

VM Arguments:
jvm_args: -Dmaven.home=D:\maven\apache-maven-3.6.0 -Dclassworlds.conf=D:\eclipse_project\JAVAEE\.metadata\.plugins\org.eclipse.m2e.launching\launches\m2conf3879002247086032920.tmp -Dmaven.multiModuleProjectDirectory=D:\eclipse_project\JAVAEE\e3-sso-web -Dfile.encoding=UTF-8 
java_command: org.codehaus.plexus.classworlds.launcher.Launcher -B -gs D:\maven\apache-maven-3.6.0\conf\settings.xml -s D:\maven\apache-maven-3.6.0\conf\settings.xml clean tomcat7:run
java_class_path (initial): D:\maven\apache-maven-3.6.0\boot\plexus-classworlds-2.5.2.jar
Launcher Type: SUN_STANDARD

Environment Variables:
JAVA_HOME=C:\Program Files\Java\jdk1.7.0_20
CLASSPATH=.;C:\Program Files\Java\jdk1.7.0_20\lib;C:\Program Files\Java\jdk1.7.0_20\lib\tools.jar
PATH=C:/Program Files/Java/jre1.8.0_191/bin/server;C:/Program Files/Java/jre1.8.0_191/bin;C:/Program Files/Java/jre1.8.0_191/lib/amd64;C:\Program Files (x86)\Common Files\Oracle\Java\javapath;C:\Program Files (x86)\Intel\Intel(R) Management Engine Components\iCLS\;C:\Program Files\Intel\Intel(R) Management Engine Components\iCLS\;C:\Windows\system32;C:\Windows;C:\Windows\System32\Wbem;C:\Windows\System32\WindowsPowerShell\v1.0\;C:\Program Files\Intel\WiFi\bin\;C:\Program Files\Common Files\Intel\WirelessCommon\;C:\Program Files (x86)\Intel\Intel(R) Management Engine Components\DAL;C:\Program Files\Intel\Intel(R) Management Engine Components\DAL;C:\Program Files (x86)\Intel\Intel(R) Management Engine Components\IPT;C:\Program Files\Intel\Intel(R) Management Engine Components\IPT;C:\Program Files (x86)\NVIDIA Corporation\PhysX\Common;C:\Program Files\Java\jdk1.8.0_20\bin;C:\Program Files\Java\jdk1.8.0_20\jre\bin;D:\MySQL\bin;D:\maven\apache-maven-3.6.0\bin;D:\Tools\VisualSVN_Server\bin;D:\Tools\TortoiseSVN\bin;C:\WINDOWS\system32;C:\WINDOWS;C:\WINDOWS\System32\Wbem;C:\WINDOWS\System32\WindowsPowerShell\v1.0\;C:\WINDOWS\System32\OpenSSH\;C:\Users\26277\AppData\Local\Microsoft\WindowsApps;C:\Program Files (x86)\VanDyke Software\Clients\;C:\WINDOWS\system32\config\systemprofile\AppData\Local\Microsoft\WindowsApps;C:\Program Files\Java\jdk1.7.0_20\bin;C:\Users\26277\AppData\Local\Microsoft\WindowsApps;C:\WINDOWS\system32;
USERNAME=»¨ËêÔÂ
OS=Windows_NT
PROCESSOR_IDENTIFIER=Intel64 Family 6 Model 158 Stepping 10, GenuineIntel



---------------  S Y S T E M  ---------------

OS: Windows 8.1 , 64 bit Build 9600 

CPU:total 8 (4 cores per cpu, 2 threads per core) family 6 model 158 stepping 10, cmov, cx8, fxsr, mmx, sse, sse2, sse3, ssse3, sse4.1, sse4.2, popcnt, avx, avx2, aes, clmul, erms, lzcnt, ht, tsc, tscinvbit, bmi1, bmi2

Memory: 4k page, physical 8277484k(1901420k free), swap 23716932k(208k free)

vm_info: Java HotSpot(TM) 64-Bit Server VM (25.20-b23) for windows-amd64 JRE (1.8.0_20-b26), built on Jul 30 2014 13:51:23 by "java_re" with MS VC++ 10.0 (VS2010)

time: Thu Mar 21 23:35:24 2019
elapsed time: 12 seconds (0d 0h 0m 12s)

